<?xml version="1.0" encoding="UTF-8"?>
<!-- Generated by org.testng.reporters.JUnitReportReporter -->
<testsuite hostname="DESKTOP-E6BGSPU" failures="0" tests="1" name="ui.VerifyTitleTest" time="0.011" errors="0" timestamp="2020-10-14T02:42:06 WEST" skipped="0">
  <testcase classname="ui.VerifyTitleTest" name="titleTest" time="0.011"/>
  <system-out/>
</testsuite> <!-- ui.VerifyTitleTest -->
