<?xml version="1.0" encoding="UTF-8"?>
<!-- Generated by org.testng.reporters.JUnitReportReporter -->
<testsuite hostname="DESKTOP-E6BGSPU" failures="0" tests="5" name="ui.LoginGroupsTestWithCommon" time="0.005" errors="0" timestamp="2020-10-14T02:38:16 WEST" skipped="0">
  <testcase classname="ui.LoginGroupsTestWithCommon" name="Login2" time="0.001"/>
  <system-out/>
  <testcase classname="ui.LoginGroupsTestWithCommon" name="Login1" time="0.001"/>
  <system-out/>
  <testcase classname="ui.LoginGroupsTestWithCommon" name="Login3" time="0.001"/>
  <system-out/>
  <testcase classname="ui.LoginGroupsTestWithCommon" name="Login5" time="0.001"/>
  <system-out/>
  <testcase classname="ui.LoginGroupsTestWithCommon" name="Login4" time="0.001"/>
  <system-out/>
</testsuite> <!-- ui.LoginGroupsTestWithCommon -->
