<?xml version="1.0" encoding="UTF-8"?>
<!-- Generated by org.testng.reporters.JUnitReportReporter -->
<testsuite hostname="DESKTOP-E6BGSPU" failures="0" tests="2" name="LoginTest" time="0.007" errors="0" timestamp="2020-10-13T19:18:17 WEST" skipped="0">
  <testcase classname="LoginTest" name="Logout" time="0.006"/>
  <system-out/>
  <testcase classname="LoginTest" name="Login" time="0.001"/>
  <system-out/>
</testsuite> <!-- LoginTest -->
