<?xml version="1.0" encoding="UTF-8"?>
<!-- Generated by org.testng.reporters.JUnitReportReporter -->
<testsuite hostname="DESKTOP-E6BGSPU" failures="0" tests="2" name="ui.LoginTest" time="0.011" errors="0" timestamp="2020-10-14T02:42:06 WEST" skipped="0">
  <testcase classname="ui.LoginTest" name="Logout" time="0.009"/>
  <system-out/>
  <testcase classname="ui.LoginTest" name="Login" time="0.002"/>
  <system-out/>
</testsuite> <!-- ui.LoginTest -->
