<?xml version="1.0" encoding="UTF-8"?>
<!-- Generated by org.testng.reporters.JUnitReportReporter -->
<testsuite hostname="DESKTOP-E6BGSPU" failures="0" tests="4" name="ui.DataProviderDemoTest2" time="29.588" errors="0" timestamp="2020-10-15T00:49:16 WEST" skipped="0">
  <testcase classname="ui.DataProviderDemoTest2" name="test" time="9.376"/>
  <system-out/>
  <testcase classname="ui.DataProviderDemoTest2" name="test" time="4.895"/>
  <system-out/>
  <testcase classname="ui.DataProviderDemoTest2" name="test" time="4.496"/>
  <system-out/>
  <testcase classname="ui.DataProviderDemoTest2" name="test" time="10.821"/>
  <system-out/>
</testsuite> <!-- ui.DataProviderDemoTest2 -->
