<?xml version="1.0" encoding="UTF-8"?>
<!-- Generated by org.testng.reporters.JUnitReportReporter -->
<testsuite hostname="DESKTOP-E6BGSPU" failures="0" tests="8" name="ui.DataProviderDemoTest" time="0.013" errors="0" timestamp="2020-10-19T17:45:09 WEST" skipped="0">
  <testcase classname="ui.DataProviderDemoTest" name="test1" time="0.001"/>
  <system-out/>
  <testcase classname="ui.DataProviderDemoTest" name="test" time="0.001"/>
  <system-out/>
  <testcase classname="ui.DataProviderDemoTest" name="test" time="0.001"/>
  <system-out/>
  <testcase classname="ui.DataProviderDemoTest" name="test1" time="0.001"/>
  <system-out/>
  <testcase classname="ui.DataProviderDemoTest" name="test" time="0.005"/>
  <system-out/>
  <testcase classname="ui.DataProviderDemoTest" name="test1" time="0.001"/>
  <system-out/>
  <testcase classname="ui.DataProviderDemoTest" name="test1" time="0.002"/>
  <system-out/>
  <testcase classname="ui.DataProviderDemoTest" name="test" time="0.001"/>
  <system-out/>
</testsuite> <!-- ui.DataProviderDemoTest -->
