<?xml version="1.0" encoding="UTF-8"?>
<!-- Generated by org.testng.reporters.JUnitReportReporter -->
<testsuite hostname="DESKTOP-E6BGSPU" failures="0" tests="3" name="ui.SkipDemoTest" time="0.008" errors="0" timestamp="2020-10-14T02:16:35 WEST" skipped="3">
  <testcase classname="ui.SkipDemoTest" name="skipTest2" time="0.007">
    <skipped/>
  </testcase> <!-- skipTest2 -->
  <system-out/>
  <testcase classname="ui.SkipDemoTest" name="skipTest3" time="0.001">
    <skipped/>
  </testcase> <!-- skipTest3 -->
  <system-out/>
  <testcase classname="ui.SkipDemoTest" name="skipTest1">
    <skipped/>
  </testcase> <!-- skipTest1 -->
  <system-out/>
</testsuite> <!-- ui.SkipDemoTest -->
