<?xml version="1.0" encoding="UTF-8"?>
<!-- Generated by org.testng.reporters.JUnitReportReporter -->
<testsuite hostname="DESKTOP-E6BGSPU" failures="0" tests="16" name="ui.DataProviderExcelTest" time="0.017" errors="0" timestamp="2020-10-22T01:57:17 WEST" skipped="0">
  <testcase classname="ui.DataProviderExcelTest" name="test" time="0.001"/>
  <system-out/>
  <testcase classname="ui.DataProviderExcelTest" name="test" time="0.001"/>
  <system-out/>
  <testcase classname="ui.DataProviderExcelTest" name="test" time="0.004"/>
  <system-out/>
  <testcase classname="ui.DataProviderExcelTest" name="test" time="0.000"/>
  <system-out/>
  <testcase classname="ui.DataProviderExcelTest" name="test" time="0.001"/>
  <system-out/>
  <testcase classname="ui.DataProviderExcelTest" name="test" time="0.001"/>
  <system-out/>
  <testcase classname="ui.DataProviderExcelTest" name="test" time="0.001"/>
  <system-out/>
  <testcase classname="ui.DataProviderExcelTest" name="test" time="0.000"/>
  <system-out/>
  <testcase classname="ui.DataProviderExcelTest" name="test" time="0.001"/>
  <system-out/>
  <testcase classname="ui.DataProviderExcelTest" name="test" time="0.001"/>
  <system-out/>
  <testcase classname="ui.DataProviderExcelTest" name="test" time="0.001"/>
  <system-out/>
  <testcase classname="ui.DataProviderExcelTest" name="test" time="0.001"/>
  <system-out/>
  <testcase classname="ui.DataProviderExcelTest" name="test" time="0.001"/>
  <system-out/>
  <testcase classname="ui.DataProviderExcelTest" name="test" time="0.001"/>
  <system-out/>
  <testcase classname="ui.DataProviderExcelTest" name="test" time="0.001"/>
  <system-out/>
  <testcase classname="ui.DataProviderExcelTest" name="test" time="0.001"/>
  <system-out/>
</testsuite> <!-- ui.DataProviderExcelTest -->
