<?xml version="1.0" encoding="UTF-8"?>
<!-- Generated by org.testng.reporters.JUnitReportReporter -->
<testsuite hostname="DESKTOP-E6BGSPU" failures="0" tests="9" name="ui.LoginGroupsTest" time="0.017" errors="0" timestamp="2020-10-14T02:42:06 WEST" skipped="0">
  <testcase classname="ui.LoginGroupsTest" name="Logout1" time="0.003"/>
  <system-out/>
  <testcase classname="ui.LoginGroupsTest" name="Logout3" time="0.002"/>
  <system-out/>
  <testcase classname="ui.LoginGroupsTest" name="Logout2" time="0.003"/>
  <system-out/>
  <testcase classname="ui.LoginGroupsTest" name="Login5" time="0.001"/>
  <system-out/>
  <testcase classname="ui.LoginGroupsTest" name="LoginLougout" time="0.003"/>
  <system-out/>
  <testcase classname="ui.LoginGroupsTest" name="Login1" time="0.002"/>
  <system-out/>
  <testcase classname="ui.LoginGroupsTest" name="Login2" time="0.000"/>
  <system-out/>
  <testcase classname="ui.LoginGroupsTest" name="Login3" time="0.002"/>
  <system-out/>
  <testcase classname="ui.LoginGroupsTest" name="Login4" time="0.001"/>
  <system-out/>
</testsuite> <!-- ui.LoginGroupsTest -->
