<?xml version="1.0" encoding="UTF-8"?>
<!-- Generated by org.testng.reporters.JUnitReportReporter -->
<testsuite hostname="DESKTOP-E6BGSPU" failures="0" tests="2" name="ui.VerifyTitleAndTextTest" time="0.077" errors="0" timestamp="2020-10-13T20:00:44 WEST" skipped="0">
  <testcase classname="ui.VerifyTitleAndTextTest" name="titleTest" time="0.010"/>
  <system-out/>
  <testcase classname="ui.VerifyTitleAndTextTest" name="buttonTest" time="0.067"/>
  <system-out/>
</testsuite> <!-- ui.VerifyTitleAndTextTest -->
