<?xml version="1.0" encoding="UTF-8"?>
<!-- Generated by org.testng.reporters.JUnitReportReporter -->
<testsuite hostname="DESKTOP-E6BGSPU" failures="0" tests="4" name="ui.DataProviderDemoTest" time="0.008" errors="0" timestamp="2020-10-14T03:10:25 WEST" skipped="0">
  <testcase classname="ui.DataProviderDemoTest" name="test1" time="0.005"/>
  <system-out/>
  <testcase classname="ui.DataProviderDemoTest" name="test1" time="0.001"/>
  <system-out/>
  <testcase classname="ui.DataProviderDemoTest" name="test1" time="0.001"/>
  <system-out/>
  <testcase classname="ui.DataProviderDemoTest" name="test1" time="0.001"/>
  <system-out/>
</testsuite> <!-- ui.DataProviderDemoTest -->
